<?xml version="1.0" encoding="UTF-8"?>
<testsuite name="com.tawil.calculator.CalculatorApplicationTests" tests="1" skipped="0" failures="0" errors="0" timestamp="2023-12-08T09:17:56" hostname="tawiltech-pc" time="3.817">
  <properties/>
  <testcase name="contextLoads()" classname="com.tawil.calculator.CalculatorApplicationTests" time="3.817"/>
  <system-out><![CDATA[10:17:44.178 [Test worker] INFO org.springframework.test.context.support.AnnotationConfigContextLoaderUtils -- Could not detect default configuration classes for test class [com.tawil.calculator.CalculatorApplicationTests]: CalculatorApplicationTests does not declare any static, non-private, non-final, nested classes annotated with @Configuration.
10:17:45.069 [Test worker] INFO org.springframework.boot.test.context.SpringBootTestContextBootstrapper -- Found @SpringBootConfiguration com.tawil.calculator.CalculatorApplication for test class com.tawil.calculator.CalculatorApplicationTests

  .   ____          _            __ _ _
 /\\ / ___'_ __ _ _(_)_ __  __ _ \ \ \ \
( ( )\___ | '_ | '_| | '_ \/ _` | \ \ \ \
 \\/  ___)| |_)| | | | | || (_| |  ) ) ) )
  '  |____| .__|_| |_|_| |_\__, | / / / /
 =========|_|==============|___/=/_/_/_/
 :: Spring Boot ::                (v3.2.0)

2023-12-08T10:17:48.204+01:00  INFO 173916 --- [    Test worker] c.t.c.CalculatorApplicationTests         : Starting CalculatorApplicationTests using Java 17.0.9 with PID 173916 (started by chaimaatawil in /home/chaimaatawil/acceptance)
2023-12-08T10:17:48.229+01:00  INFO 173916 --- [    Test worker] c.t.c.CalculatorApplicationTests         : No active profile set, falling back to 1 default profile: "default"
2023-12-08T10:17:56.034+01:00  INFO 173916 --- [    Test worker] c.t.c.CalculatorApplicationTests         : Started CalculatorApplicationTests in 10.092 seconds (process running for 19.869)
]]></system-out>
  <system-err><![CDATA[]]></system-err>
</testsuite>
